<?xml version="1.0" encoding="UTF-8"?>
<testsuite xmlns:xsi="http://www.w3.org/2001/XMLSchema-instance" xsi:noNamespaceSchemaLocation="https://maven.apache.org/surefire/maven-surefire-plugin/xsd/surefire-test-report.xsd" version="3.0.2" name="com.smarthome.SmarthomeApplicationTests" time="2.168" tests="1" errors="0" skipped="0" failures="0">
  <properties>
[...]
</properties>
  <testcase name="contextLoads" classname="com.smarthome.SmarthomeApplicationTests" time="0.446">
    <system-out><![CDATA[18:53:10.959 [main] INFO org.springframework.test.context.support.AnnotationConfigContextLoaderUtils -- Could not detect default configuration classes for test class [com.smarthome.SmarthomeApplicationTests]: SmarthomeApplicationTests does not declare any static, non-private, non-final, nested classes annotated with @Configuration.
18:53:11.040 [main] INFO org.springframework.boot.test.context.SpringBootTestContextBootstrapper -- Found @SpringBootConfiguration com.smarthome.SmarthomeApplication for test class com.smarthome.SmarthomeApplicationTests

  .   ____          _            __ _ _
 /\\ / ___'_ __ _ _(_)_ __  __ _ \ \ \ \
( ( )\___ | '_ | '_| | '_ \/ _` | \ \ \ \
 \\/  ___)| |_)| | | | | || (_| |  ) ) ) )
  '  |____| .__|_| |_|_| |_\__, | / / / /
 =========|_|==============|___/=/_/_/_/

 :: Spring Boot ::                (v3.4.5)

2025-05-06T18:53:11.356-04:00  INFO 97670 --- [SmartHome] [           main] c.smarthome.SmarthomeApplicationTests    : Starting SmarthomeApplicationTests using Java 17.0.11 with PID 97670 (started by sridharhari in /Users/sridharhari/Sri/PracticeTests/git/code-task)
2025-05-06T18:53:11.358-04:00  INFO 97670 --- [SmartHome] [           main] c.smarthome.SmarthomeApplicationTests    : No active profile set, falling back to 1 default profile: "default"
2025-05-06T18:53:12.525-04:00  INFO 97670 --- [SmartHome] [           main] org.quartz.impl.StdSchedulerFactory      : Using default implementation for ThreadExecutor
2025-05-06T18:53:12.534-04:00  INFO 97670 --- [SmartHome] [           main] org.quartz.core.SchedulerSignalerImpl    : Initialized Scheduler Signaller of type: class org.quartz.core.SchedulerSignalerImpl
2025-05-06T18:53:12.534-04:00  INFO 97670 --- [SmartHome] [           main] org.quartz.core.QuartzScheduler          : Quartz Scheduler v.2.3.2 created.
2025-05-06T18:53:12.534-04:00  INFO 97670 --- [SmartHome] [           main] org.quartz.simpl.RAMJobStore             : RAMJobStore initialized.
2025-05-06T18:53:12.535-04:00  INFO 97670 --- [SmartHome] [           main] org.quartz.core.QuartzScheduler          : Scheduler meta-data: Quartz Scheduler (v2.3.2) 'quartzScheduler' with instanceId 'NON_CLUSTERED'
  Scheduler class: 'org.quartz.core.QuartzScheduler' - running locally.
  NOT STARTED.
  Currently in standby mode.
  Number of jobs executed: 0
  Using thread pool 'org.quartz.simpl.SimpleThreadPool' - with 10 threads.
  Using job-store 'org.quartz.simpl.RAMJobStore' - which does not support persistence. and is not clustered.

2025-05-06T18:53:12.535-04:00  INFO 97670 --- [SmartHome] [           main] org.quartz.impl.StdSchedulerFactory      : Quartz scheduler 'quartzScheduler' initialized from an externally provided properties instance.
2025-05-06T18:53:12.535-04:00  INFO 97670 --- [SmartHome] [           main] org.quartz.impl.StdSchedulerFactory      : Quartz scheduler version: 2.3.2
2025-05-06T18:53:12.535-04:00  INFO 97670 --- [SmartHome] [           main] org.quartz.core.QuartzScheduler          : JobFactory set to: org.springframework.scheduling.quartz.SpringBeanJobFactory@65c17e38
2025-05-06T18:53:12.558-04:00  INFO 97670 --- [SmartHome] [           main] o.s.s.quartz.SchedulerFactoryBean        : Starting Quartz Scheduler now
2025-05-06T18:53:12.559-04:00  INFO 97670 --- [SmartHome] [           main] org.quartz.core.QuartzScheduler          : Scheduler quartzScheduler_$_NON_CLUSTERED started.
2025-05-06T18:53:12.569-04:00  INFO 97670 --- [SmartHome] [           main] c.smarthome.SmarthomeApplicationTests    : Started SmarthomeApplicationTests in 1.435 seconds (process running for 2.078)
]]></system-out>
  </testcase>
</testsuite>